<?xml version="1.0" encoding="UTF-8"?>
<!-- Generated by org.testng.reporters.JUnitReportReporter -->
<testsuite hostname="DESKTOP-CTCH6FD" failures="0" tests="3" name="sequentialTestCases.CategoriesPageSeq" time="26.278" errors="0" timestamp="2024-06-26T20:55:00 IST" skipped="0">
  <testcase classname="sequentialTestCases.CategoriesPageSeq" name="categoriesAdd" time="16.214"/>
  <testcase classname="sequentialTestCases.CategoriesPageSeq" name="categoriesSearch" time="6.342"/>
  <testcase classname="sequentialTestCases.CategoriesPageSeq" name="deletecategoriesDetails" time="3.722"/>
</testsuite> <!-- sequentialTestCases.CategoriesPageSeq -->
