<?xml version="1.0" encoding="UTF-8"?>
<!-- Generated by org.testng.reporters.JUnitReportReporter -->
<testsuite hostname="DESKTOP-CTCH6FD" failures="0" tests="3" name="sequentialTestCases.UnitPageSeq" time="21.857" errors="0" timestamp="2024-06-19T13:18:34 IST" skipped="0">
  <testcase classname="sequentialTestCases.UnitPageSeq" name="unitAdd" time="11.623"/>
  <testcase classname="sequentialTestCases.UnitPageSeq" name="unitSearch" time="6.308"/>
  <testcase classname="sequentialTestCases.UnitPageSeq" name="deleteunit" time="3.926"/>
</testsuite> <!-- sequentialTestCases.UnitPageSeq -->
