<?xml version="1.0" encoding="UTF-8"?>
<!-- Generated by org.testng.reporters.JUnitReportReporter -->
<testsuite hostname="DESKTOP-CTCH6FD" failures="0" tests="1" name="projectTestCases.LoginPage" time="7.438" errors="0" timestamp="2024-06-18T19:51:21 IST" skipped="0">
  <testcase classname="projectTestCases.LoginPage" name="excel" time="7.438"/>
</testsuite> <!-- projectTestCases.LoginPage -->
