<?xml version="1.0" encoding="UTF-8"?>
<!-- Generated by org.testng.reporters.JUnitReportReporter -->
<testsuite hostname="DESKTOP-CTCH6FD" failures="0" tests="4" name="projectTestCases.CategoriesPage" time="33.079" errors="0" timestamp="2024-06-18T19:51:21 IST" skipped="0">
  <testcase classname="projectTestCases.CategoriesPage" name="excel" time="6.226"/>
  <testcase classname="projectTestCases.CategoriesPage" name="categoriesAdd" time="16.680"/>
  <testcase classname="projectTestCases.CategoriesPage" name="categoriesSearch" time="6.305"/>
  <testcase classname="projectTestCases.CategoriesPage" name="deletecategoriesDetails" time="3.868"/>
</testsuite> <!-- projectTestCases.CategoriesPage -->
