<?xml version="1.0" encoding="UTF-8"?>
<!-- Generated by org.testng.reporters.JUnitReportReporter -->
<testsuite hostname="DESKTOP-CTCH6FD" failures="0" tests="4" name="projectTestCases.CategoriesPage" time="32.324" errors="0" timestamp="2024-06-26T20:23:37 IST" skipped="0">
  <testcase classname="projectTestCases.CategoriesPage" name="excel" time="5.196"/>
  <testcase classname="projectTestCases.CategoriesPage" name="categoriesAdd" time="16.776"/>
  <testcase classname="projectTestCases.CategoriesPage" name="categoriesSearch" time="6.387"/>
  <testcase classname="projectTestCases.CategoriesPage" name="deletecategoriesDetails" time="3.965"/>
</testsuite> <!-- projectTestCases.CategoriesPage -->
