<?xml version="1.0" encoding="UTF-8"?>
<!-- Generated by org.testng.reporters.JUnitReportReporter -->
<testsuite hostname="DESKTOP-CTCH6FD" failures="0" tests="3" name="sequentialTestCases.CategoriesPageSeq" time="26.934" errors="0" timestamp="2024-06-19T13:18:34 IST" skipped="0">
  <testcase classname="sequentialTestCases.CategoriesPageSeq" name="categoriesAdd" time="16.582"/>
  <testcase classname="sequentialTestCases.CategoriesPageSeq" name="categoriesSearch" time="6.316"/>
  <testcase classname="sequentialTestCases.CategoriesPageSeq" name="deletecategoriesDetails" time="4.036"/>
</testsuite> <!-- sequentialTestCases.CategoriesPageSeq -->
