<?xml version="1.0" encoding="UTF-8"?>
<!-- Generated by org.testng.reporters.JUnitReportReporter -->
<testsuite hostname="DESKTOP-CTCH6FD" failures="0" tests="4" name="projectTestCases.UnitPage" time="29.733" errors="0" timestamp="2024-06-26T20:33:32 IST" skipped="0">
  <testcase classname="projectTestCases.UnitPage" name="excel" time="5.505"/>
  <testcase classname="projectTestCases.UnitPage" name="unitAdd" time="13.389"/>
  <testcase classname="projectTestCases.UnitPage" name="unitSearch" time="6.898"/>
  <testcase classname="projectTestCases.UnitPage" name="deleteunit" time="3.941"/>
</testsuite> <!-- projectTestCases.UnitPage -->
