<?xml version="1.0" encoding="UTF-8"?>
<!-- Generated by org.testng.reporters.JUnitReportReporter -->
<testsuite hostname="DESKTOP-CTCH6FD" failures="0" tests="1" name="sequentialTestCases.LoginPageSeq" time="9.131" errors="0" timestamp="2024-06-19T13:18:34 IST" skipped="0">
  <testcase classname="sequentialTestCases.LoginPageSeq" name="excel" time="9.131"/>
</testsuite> <!-- sequentialTestCases.LoginPageSeq -->
