<?xml version="1.0" encoding="UTF-8"?>
<!-- Generated by org.testng.reporters.JUnitReportReporter -->
<testsuite hostname="DESKTOP-CTCH6FD" failures="0" tests="1" name="sequentialTestCases.LoginPageSeq" time="4.804" errors="0" timestamp="2024-06-26T20:55:00 IST" skipped="0">
  <testcase classname="sequentialTestCases.LoginPageSeq" name="excel" time="4.804"/>
</testsuite> <!-- sequentialTestCases.LoginPageSeq -->
